[[1;34mINFO[m] Scanning for projects...
[[1;34mINFO[m] 
[[1;34mINFO[m] [1m------------------< [0;36mio.warmup.framework:warmup-core[0;1m >-------------------[m
[[1;34mINFO[m] [1mBuilding warmup-core 1.0-SNAPSHOT[m
[[1;34mINFO[m] [1m--------------------------------[ jar ]---------------------------------[m
[[1;34mINFO[m] 
[[1;34mINFO[m] [1m--- [0;32mmaven-clean-plugin:2.5:clean[m [1m(default-clean)[m @ [36mwarmup-core[0;1m ---[m
[[1;34mINFO[m] Deleting /workspace/warmup-framework/warmup-core/target
[[1;34mINFO[m] 
[[1;34mINFO[m] [1m--- [0;32mmaven-resources-plugin:2.6:resources[m [1m(default-resources)[m @ [36mwarmup-core[0;1m ---[m
[[1;34mINFO[m] Using 'UTF-8' encoding to copy filtered resources.
[[1;34mINFO[m] skip non existing resourceDirectory /workspace/warmup-framework/warmup-core/src/main/resources
[[1;34mINFO[m] 
[[1;34mINFO[m] [1m--- [0;32mmaven-compiler-plugin:3.14.0:compile[m [1m(default-compile)[m @ [36mwarmup-core[0;1m ---[m
[[1;34mINFO[m] Recompiling the module because of [1mchanged source code[m.
[[1;34mINFO[m] Compiling 330 source files with javac [debug release 8] to target/classes
[[1;34mINFO[m] /workspace/warmup-framework/warmup-core/src/main/java/io/warmup/framework/hotreload/HotReloadStatus.java: Some input files use unchecked or unsafe operations.
[[1;34mINFO[m] /workspace/warmup-framework/warmup-core/src/main/java/io/warmup/framework/hotreload/HotReloadStatus.java: Recompile with -Xlint:unchecked for details.
[[1;34mINFO[m] Some messages have been simplified; recompile with -Xdiags:verbose to get full output
[[1;34mINFO[m] -------------------------------------------------------------
[[1;33mWARNING[m] COMPILATION WARNING : 
[[1;34mINFO[m] -------------------------------------------------------------
[[1;33mWARNING[m] /workspace/warmup-framework/warmup-core/src/main/java/io/warmup/framework/asm/AsmCoreUtils.java:[3423,62] non-varargs call of varargs method with inexact argument type for last parameter;
  cast to java.lang.Object for a varargs call
  cast to java.lang.Object[] for a non-varargs call and to suppress this warning
[[1;33mWARNING[m] /workspace/warmup-framework/warmup-core/src/main/java/io/warmup/framework/asm/AsmConstructorCreator.java:[67,39] non-varargs call of varargs method with inexact argument type for last parameter;
  cast to java.lang.Object for a varargs call
  cast to java.lang.Object[] for a non-varargs call and to suppress this warning
[[1;33mWARNING[m] /workspace/warmup-framework/warmup-core/src/main/java/io/warmup/framework/validation/CustomValidatorManager.java:[49,55] non-varargs call of varargs method with inexact argument type for last parameter;
  cast to java.lang.Object for a varargs call
  cast to java.lang.Object[] for a non-varargs call and to suppress this warning
[[1;34mINFO[m] 3 warnings 
[[1;34mINFO[m] -------------------------------------------------------------
[[1;34mINFO[m] -------------------------------------------------------------
[[1;31mERROR[m] COMPILATION ERROR : 
[[1;34mINFO[m] -------------------------------------------------------------
[[1;31mERROR[m] /workspace/warmup-framework/warmup-core/src/main/java/io/warmup/framework/startup/StartupPhasesManager.java:[579,21] incompatible types: io.warmup.framework.startup.unsafe.UnsafeMemoryStatistics cannot be converted to io.warmup.framework.startup.unsafe.UnsafeMemoryMetrics.UnsafeMemoryStatistics
[[1;31mERROR[m] /workspace/warmup-framework/warmup-core/src/main/java/io/warmup/framework/startup/critical/CriticalSeparationSystem.java:[148,53] cannot find symbol
  symbol:   variable ServiceCriticality
  location: class io.warmup.framework.startup.critical.CriticalSeparationSystem
[[1;31mERROR[m] /workspace/warmup-framework/warmup-core/src/main/java/io/warmup/framework/startup/critical/CriticalSeparationSystem.java:[295,37] incompatible types: java.util.List<io.warmup.framework.startup.critical.ServiceDataClasses.ServiceInfo> cannot be converted to java.util.Map<java.lang.String,io.warmup.framework.startup.critical.ServiceDataClasses.ServiceInfo>
[[1;31mERROR[m] /workspace/warmup-framework/warmup-core/src/main/java/io/warmup/framework/startup/critical/CriticalSeparationSystem.java:[306,45] incompatible types: java.util.List<io.warmup.framework.startup.critical.ServiceDataClasses.ServiceInfo> cannot be converted to java.util.Map<java.lang.String,io.warmup.framework.startup.critical.ServiceDataClasses.ServiceInfo>
[[1;31mERROR[m] /workspace/warmup-framework/warmup-core/src/main/java/io/warmup/framework/startup/critical/CriticalSeparationSystem.java:[320,32] incompatible types: java.util.List<io.warmup.framework.startup.critical.ServiceDataClasses.ServiceInfo> cannot be converted to java.util.Map<java.lang.String,io.warmup.framework.startup.critical.ServiceDataClasses.ServiceInfo>
[[1;31mERROR[m] /workspace/warmup-framework/warmup-core/src/main/java/io/warmup/framework/startup/critical/CriticalSeparationSystem.java:[404,19] cannot find symbol
  symbol:   method cleanup()
  location: variable classifier of type io.warmup.framework.startup.critical.ServiceCriticalityClassifier
[[1;31mERROR[m] /workspace/warmup-framework/warmup-core/src/main/java/io/warmup/framework/startup/unsafe/UnsafeStartupSystem.java:[368,19] cannot find symbol
  symbol:   method forceGC()
  location: variable gcStrategy of type io.warmup.framework.startup.unsafe.GCEliminationStrategy
[[1;31mERROR[m] /workspace/warmup-framework/warmup-core/src/main/java/io/warmup/framework/startup/unsafe/UnsafeStartupSystem.java:[421,13] cannot find symbol
  symbol:   class GCStatistics
  location: class io.warmup.framework.startup.unsafe.UnsafeStartupSystem
[[1;31mERROR[m] /workspace/warmup-framework/warmup-core/src/main/java/io/warmup/framework/startup/SubsystemInitializationResult.java:[167,42] cannot find symbol
  symbol:   method getPerformanceMetrics()
  location: class io.warmup.framework.startup.SubsystemMetrics
[[1;31mERROR[m] /workspace/warmup-framework/warmup-core/src/main/java/io/warmup/framework/startup/CombinedStartupResult.java:[61,34] cannot find symbol
  symbol:   method isAllPhasesCompleted()
  location: variable traditionalMetrics of type io.warmup.framework.startup.StartupMetrics
[[1;31mERROR[m] /workspace/warmup-framework/warmup-core/src/main/java/io/warmup/framework/startup/CombinedStartupResult.java:[166,80] incompatible types: java.util.Map<java.lang.String,java.lang.Object> cannot be converted to io.warmup.framework.startup.ParallelizationStats
[[1;31mERROR[m] /workspace/warmup-framework/warmup-core/src/main/java/io/warmup/framework/startup/config/PreloadOptimizationMetrics.java:[205,20] non-static method formatDuration(long) cannot be referenced from a static context
[[1;31mERROR[m] /workspace/warmup-framework/warmup-core/src/main/java/io/warmup/framework/startup/memory/PageFaultPreloader.java:[357,32] incompatible types: possible lossy conversion from long to int
[[1;31mERROR[m] /workspace/warmup-framework/warmup-core/src/main/java/io/warmup/framework/startup/memory/PageFaultPreloader.java:[358,32] incompatible types: possible lossy conversion from long to int
[[1;31mERROR[m] /workspace/warmup-framework/warmup-core/src/main/java/io/warmup/framework/startup/memory/PageFaultPreloader.java:[364,27] long cannot be dereferenced
[[1;31mERROR[m] /workspace/warmup-framework/warmup-core/src/main/java/io/warmup/framework/startup/unsafe/UnsafeMemoryMetrics.java:[261,67] incompatible types: io.warmup.framework.startup.unsafe.UnsafeMemoryMetrics.UnsafeMemoryStatistics cannot be converted to io.warmup.framework.startup.unsafe.UnsafeMemoryMetrics.SystemStartupMetrics
[[1;31mERROR[m] /workspace/warmup-framework/warmup-core/src/main/java/io/warmup/framework/startup/unsafe/UnsafeMemoryMetrics.java:[312,13] cannot find symbol
  symbol:   method getGCEliminationMetrics()
  location: class io.warmup.framework.startup.unsafe.UnsafeMemoryMetrics
[[1;31mERROR[m] /workspace/warmup-framework/warmup-core/src/main/java/io/warmup/framework/startup/unsafe/UnsafeMemoryMetrics.java:[313,13] cannot find symbol
  symbol:   method getStructureUsageMetrics()
  location: class io.warmup.framework.startup.unsafe.UnsafeMemoryMetrics
[[1;31mERROR[m] /workspace/warmup-framework/warmup-core/src/main/java/io/warmup/framework/startup/unsafe/UnsafeMemoryMetrics.java:[327,42] cannot find symbol
  symbol:   method getGCEliminationMetrics()
  location: class io.warmup.framework.startup.unsafe.UnsafeMemoryMetrics
[[1;31mERROR[m] /workspace/warmup-framework/warmup-core/src/main/java/io/warmup/framework/startup/unsafe/UnsafeMemoryMetrics.java:[339,27] cannot find symbol
  symbol:   method sum()
  location: variable poolOperations of type java.util.concurrent.ConcurrentHashMap<java.lang.String,java.util.concurrent.atomic.LongAdder>
[[1;31mERROR[m] /workspace/warmup-framework/warmup-core/src/main/java/io/warmup/framework/startup/unsafe/UnsafeMemoryMetrics.java:[477,62] cannot find symbol
  symbol:   variable Collectors
  location: class io.warmup.framework.startup.unsafe.UnsafeMemoryMetrics
[[1;31mERROR[m] /workspace/warmup-framework/warmup-core/src/main/java/io/warmup/framework/startup/unsafe/UnsafeMemoryManager.java:[342,16] constructor UnsafeMemoryStatistics in class io.warmup.framework.startup.unsafe.UnsafeMemoryStatistics cannot be applied to given types;
  required: long,long,long,long,long
  found:    long,long,long,int,long,long
  reason: actual and formal argument lists differ in length
[[1;31mERROR[m] /workspace/warmup-framework/warmup-core/src/main/java/io/warmup/framework/startup/config/MemoryMappedConfigLoader.java:[81,22] cannot find symbol
  symbol:   variable Collectors
  location: class io.warmup.framework.startup.config.MemoryMappedConfigLoader
[[1;31mERROR[m] /workspace/warmup-framework/warmup-core/src/main/java/io/warmup/framework/startup/config/MemoryMappedConfigLoader.java:[482,79] incompatible types: java.lang.OutOfMemoryError cannot be converted to java.lang.Exception
[[1;31mERROR[m] /workspace/warmup-framework/warmup-core/src/main/java/io/warmup/framework/startup/unsafe/UnsafeDataStructures.java:[83,32] cannot find symbol
  symbol:   method recordOperation(java.lang.String,java.lang.String)
  location: class io.warmup.framework.startup.unsafe.UnsafeMemoryMetrics
[[1;31mERROR[m] /workspace/warmup-framework/warmup-core/src/main/java/io/warmup/framework/startup/unsafe/UnsafeDataStructures.java:[218,32] cannot find symbol
  symbol:   method recordOperation(java.lang.String,java.lang.String)
  location: class io.warmup.framework.startup.unsafe.UnsafeMemoryMetrics
[[1;31mERROR[m] /workspace/warmup-framework/warmup-core/src/main/java/io/warmup/framework/startup/unsafe/UnsafeDataStructures.java:[367,56] incompatible types: cannot infer type arguments for io.warmup.framework.startup.unsafe.UnsafeDataStructures.UnsafeArrayList<>
    reason: inference variable T has incompatible equality constraints T,java.lang.Long
[[1;31mERROR[m] /workspace/warmup-framework/warmup-core/src/main/java/io/warmup/framework/startup/unsafe/UnsafeDataStructures.java:[391,33] cannot find symbol
  symbol:   method remove(int)
  location: variable availableObjects of type io.warmup.framework.startup.unsafe.UnsafeDataStructures.UnsafeArrayList<T>
[[1;31mERROR[m] /workspace/warmup-framework/warmup-core/src/main/java/io/warmup/framework/startup/unsafe/UnsafeDataStructures.java:[392,32] cannot find symbol
  symbol:   method remove(int)
  location: variable objectAddresses of type io.warmup.framework.startup.unsafe.UnsafeDataStructures.UnsafeArrayList<java.lang.Long>
[[1;31mERROR[m] /workspace/warmup-framework/warmup-core/src/main/java/io/warmup/framework/startup/unsafe/UnsafeDataStructures.java:[517,28] cannot find symbol
  symbol:   method contains(java.lang.String)
  location: variable configKeys of type io.warmup.framework.startup.unsafe.UnsafeDataStructures.UnsafeArrayList<java.lang.String>
[[1;31mERROR[m] /workspace/warmup-framework/warmup-core/src/main/java/io/warmup/framework/startup/critical/ServiceCriticalityClassifier.java:[139,43] cannot find symbol
  symbol:   class Critical
  location: class io.warmup.framework.startup.critical.ServiceCriticalityClassifier
[[1;31mERROR[m] /workspace/warmup-framework/warmup-core/src/main/java/io/warmup/framework/startup/critical/ServiceCriticalityClassifier.java:[143,73] cannot find symbol
  symbol:   class HighPriority
  location: package io.warmup.framework.annotation
[[1;31mERROR[m] /workspace/warmup-framework/warmup-core/src/main/java/io/warmup/framework/startup/critical/ServiceCriticalityClassifier.java:[147,73] cannot find symbol
  symbol:   class Background
  location: package io.warmup.framework.annotation
[[1;31mERROR[m] /workspace/warmup-framework/warmup-core/src/main/java/io/warmup/framework/startup/critical/ServiceCriticalityClassifier.java:[151,73] cannot find symbol
  symbol:   class LowPriority
  location: package io.warmup.framework.annotation
[[1;31mERROR[m] /workspace/warmup-framework/warmup-core/src/main/java/io/warmup/framework/startup/critical/ServiceCriticalityClassifier.java:[183,39] cannot find symbol
  symbol:   class Service
  location: class io.warmup.framework.startup.critical.ServiceCriticalityClassifier
[[1;31mERROR[m] /workspace/warmup-framework/warmup-core/src/main/java/io/warmup/framework/startup/critical/CriticalServiceLoader.java:[57,38] cannot find symbol
  symbol:   method getBeanRegistry()
  location: variable container of type io.warmup.framework.core.WarmupContainer
[[1;31mERROR[m] /workspace/warmup-framework/warmup-core/src/main/java/io/warmup/framework/startup/critical/CriticalServiceLoader.java:[313,25] method registerBean in class io.warmup.framework.core.BeanRegistry cannot be applied to given types;
  required: java.lang.String,java.lang.Class<?>,java.lang.Object
  found:    java.lang.String,java.lang.Object
  reason: actual and formal argument lists differ in length
[[1;31mERROR[m] /workspace/warmup-framework/warmup-core/src/main/java/io/warmup/framework/startup/critical/CriticalServiceLoader.java:[314,31] cannot find symbol
  symbol:   method registerDependency(java.lang.String,java.lang.Class<capture#1 of ? extends java.lang.Object>)
  location: variable dependencyRegistry of type io.warmup.framework.core.DependencyRegistry
[[1;31mERROR[m] /workspace/warmup-framework/warmup-core/src/main/java/io/warmup/framework/startup/critical/CriticalServiceLoader.java:[354,43] method getBean in class io.warmup.framework.core.BeanRegistry cannot be applied to given types;
  required: java.lang.String,java.lang.Class<T>
  found:    java.lang.String
  reason: cannot infer type-variable(s) T
    (actual and formal argument lists differ in length)
[[1;31mERROR[m] /workspace/warmup-framework/warmup-core/src/main/java/io/warmup/framework/startup/critical/CriticalServiceLoader.java:[363,39] method getBean in class io.warmup.framework.core.BeanRegistry cannot be applied to given types;
  required: java.lang.String,java.lang.Class<T>
  found:    java.lang.Class<capture#2 of ?>
  reason: cannot infer type-variable(s) T
    (actual and formal argument lists differ in length)
[[1;31mERROR[m] /workspace/warmup-framework/warmup-core/src/main/java/io/warmup/framework/startup/critical/NonCriticalServiceWarming.java:[76,38] cannot find symbol
  symbol:   method getBeanRegistry()
  location: variable container of type io.warmup.framework.core.WarmupContainer
[[1;31mERROR[m] /workspace/warmup-framework/warmup-core/src/main/java/io/warmup/framework/startup/critical/NonCriticalServiceWarming.java:[274,45] method getBean in class io.warmup.framework.core.BeanRegistry cannot be applied to given types;
  required: java.lang.String,java.lang.Class<T>
  found:    java.lang.String
  reason: cannot infer type-variable(s) T
    (actual and formal argument lists differ in length)
[[1;31mERROR[m] /workspace/warmup-framework/warmup-core/src/main/java/io/warmup/framework/startup/critical/NonCriticalServiceWarming.java:[301,39] method getBean in class io.warmup.framework.core.BeanRegistry cannot be applied to given types;
  required: java.lang.String,java.lang.Class<T>
  found:    java.lang.String
  reason: cannot infer type-variable(s) T
    (actual and formal argument lists differ in length)
[[1;31mERROR[m] /workspace/warmup-framework/warmup-core/src/main/java/io/warmup/framework/startup/critical/NonCriticalServiceWarming.java:[309,39] method getBean in class io.warmup.framework.core.BeanRegistry cannot be applied to given types;
  required: java.lang.String,java.lang.Class<T>
  found:    java.lang.Class<capture#3 of ?>
  reason: cannot infer type-variable(s) T
    (actual and formal argument lists differ in length)
[[1;31mERROR[m] /workspace/warmup-framework/warmup-core/src/main/java/io/warmup/framework/startup/critical/NonCriticalServiceWarming.java:[377,25] method registerBean in class io.warmup.framework.core.BeanRegistry cannot be applied to given types;
  required: java.lang.String,java.lang.Class<?>,java.lang.Object
  found:    java.lang.String,java.lang.Object
  reason: actual and formal argument lists differ in length
[[1;31mERROR[m] /workspace/warmup-framework/warmup-core/src/main/java/io/warmup/framework/startup/critical/NonCriticalServiceWarming.java:[378,31] cannot find symbol
  symbol:   method registerDependency(java.lang.String,java.lang.Class<capture#4 of ? extends java.lang.Object>)
  location: variable dependencyRegistry of type io.warmup.framework.core.DependencyRegistry
[[1;31mERROR[m] /workspace/warmup-framework/warmup-core/src/main/java/io/warmup/framework/startup/bootstrap/CriticalClassPreloader.java:[121,17] cannot find symbol
  symbol:   class PreloadMetricsReport
  location: class io.warmup.framework.startup.bootstrap.CriticalClassPreloader
[[1;31mERROR[m] /workspace/warmup-framework/warmup-core/src/main/java/io/warmup/framework/startup/bootstrap/CriticalClassPreloader.java:[330,52] cannot find symbol
  symbol:   method of(java.lang.String,java.lang.String,java.lang.String,java.lang.String)
  location: interface java.util.Set
[[1;31mERROR[m] /workspace/warmup-framework/warmup-core/src/main/java/io/warmup/framework/startup/bootstrap/ClassPreloadMetrics.java:[114,20] method recordLoad in class io.warmup.framework.startup.bootstrap.ClassPreloadMetrics.ClassLoadMetrics cannot be applied to given types;
  required: long,boolean
  found:    long,int,boolean
  reason: actual and formal argument lists differ in length
[[1;31mERROR[m] /workspace/warmup-framework/warmup-core/src/main/java/io/warmup/framework/startup/bootstrap/ClassPreloadMetrics.java:[194,15] cannot find symbol
  symbol:   method setStandardDeviationMs(double)
  location: variable report of type io.warmup.framework.startup.bootstrap.ClassPreloadMetrics.PreloadMetricsReport
[[1;31mERROR[m] /workspace/warmup-framework/warmup-core/src/main/java/io/warmup/framework/startup/bootstrap/ClassPreloadMetrics.java:[239,26] cannot find symbol
  symbol:   variable Collectors
  location: class io.warmup.framework.startup.bootstrap.ClassPreloadMetrics
[[1;31mERROR[m] /workspace/warmup-framework/warmup-core/src/main/java/io/warmup/framework/startup/bootstrap/BootstrapClassLoader.java:[164,26] cannot find symbol
  symbol:   variable Collectors
  location: class io.warmup.framework.startup.bootstrap.BootstrapClassLoader
[[1;31mERROR[m] /workspace/warmup-framework/warmup-core/src/main/java/io/warmup/framework/startup/bootstrap/BootstrapClassLoader.java:[180,27] cannot find symbol
  symbol:   method incrementFailed()
  location: variable result of type io.warmup.framework.startup.bootstrap.BootstrapClassLoader.PreloadResult
[[1;31mERROR[m] /workspace/warmup-framework/warmup-core/src/main/java/io/warmup/framework/startup/bootstrap/BootstrapClassLoader.java:[231,66] Alternatives in a multi-catch statement cannot be related by subclassing
  Alternative java.lang.NoClassDefFoundError is a subclass of alternative java.lang.LinkageError
[[1;31mERROR[m] /workspace/warmup-framework/warmup-core/src/main/java/io/warmup/framework/startup/bootstrap/BootstrapClassLoader.java:[300,26] cannot find symbol
  symbol:   variable Collectors
  location: class io.warmup.framework.startup.bootstrap.BootstrapClassLoader
[[1;31mERROR[m] /workspace/warmup-framework/warmup-core/src/main/java/hotreload/advanced/SimpleAdvancedHotReloadExample.java:[110,27] cannot find symbol
  symbol:   class GlobalMetrics
  location: class io.warmup.framework.hotreload.advanced.HotReloadDashboard
[[1;31mERROR[m] /workspace/warmup-framework/warmup-core/src/main/java/hotreload/advanced/SimpleAdvancedHotReloadExample.java:[121,27] cannot find symbol
  symbol:   class SystemHealthStatus
  location: class io.warmup.framework.hotreload.advanced.HotReloadDashboard
[[1;31mERROR[m] /workspace/warmup-framework/warmup-core/src/main/java/hotreload/advanced/SimpleAdvancedHotReloadExample.java:[194,22] cannot find symbol
  symbol:   method recordReload(java.lang.String,boolean,long,io.warmup.framework.hotreload.advanced.SimplifiedAdvancedHotReloadManager.ChangeType)
  location: variable dashboard of type io.warmup.framework.hotreload.advanced.HotReloadDashboard
[[1;31mERROR[m] /workspace/warmup-framework/warmup-core/src/main/java/hotreload/advanced/SimpleAdvancedHotReloadExample.java:[214,29] cannot find symbol
  symbol:   method getSystemHealthStatus()
  location: variable dashboard of type io.warmup.framework.hotreload.advanced.HotReloadDashboard
[[1;31mERROR[m] /workspace/warmup-framework/warmup-core/src/main/java/hotreload/advanced/SimpleAdvancedHotReloadExample.java:[218,29] cannot find symbol
  symbol:   method exportReport()
  location: variable dashboard of type io.warmup.framework.hotreload.advanced.HotReloadDashboard
[[1;31mERROR[m] /workspace/warmup-framework/warmup-core/src/main/java/hotreload/advanced/SimplifiedAdvancedHotReloadManager.java:[102,52] cannot find symbol
  symbol:   method scanClassFiles(java.nio.file.Path)
  location: variable changeDetector of type io.warmup.framework.hotreload.advanced.BytecodeChangeDetector
[[1;31mERROR[m] /workspace/warmup-framework/warmup-core/src/main/java/hotreload/advanced/SimplifiedAdvancedHotReloadManager.java:[105,35] cannot find symbol
  symbol:   method detectChanges(java.nio.file.Path)
  location: variable changeDetector of type io.warmup.framework.hotreload.advanced.BytecodeChangeDetector
[[1;31mERROR[m] /workspace/warmup-framework/warmup-core/src/main/java/hotreload/advanced/SimplifiedAdvancedHotReloadManager.java:[107,70] cannot find symbol
  symbol:   variable CHANGED
  location: class io.warmup.framework.hotreload.advanced.BytecodeChangeDetector.ChangeAnalysis
[[1;31mERROR[m] /workspace/warmup-framework/warmup-core/src/main/java/hotreload/advanced/SimplifiedAdvancedHotReloadManager.java:[135,31] cannot find symbol
  symbol:   variable Type
  location: class io.warmup.framework.hotreload.HotReloadEvent
[[1;31mERROR[m] /workspace/warmup-framework/warmup-core/src/main/java/hotreload/advanced/SimplifiedAdvancedHotReloadManager.java:[138,13] eventBus has private access in io.warmup.framework.hotreload.HotReloadManager
[[1;31mERROR[m] /workspace/warmup-framework/warmup-core/src/main/java/hotreload/advanced/SimplifiedAdvancedHotReloadManager.java:[145,31] cannot find symbol
  symbol:   variable Type
  location: class io.warmup.framework.hotreload.HotReloadEvent
[[1;31mERROR[m] /workspace/warmup-framework/warmup-core/src/main/java/hotreload/advanced/SimplifiedAdvancedHotReloadManager.java:[148,13] eventBus has private access in io.warmup.framework.hotreload.HotReloadManager
[[1;31mERROR[m] /workspace/warmup-framework/warmup-core/src/main/java/hotreload/advanced/SimplifiedAdvancedHotReloadManager.java:[157,31] cannot find symbol
  symbol:   variable Type
  location: class io.warmup.framework.hotreload.HotReloadEvent
[[1;31mERROR[m] /workspace/warmup-framework/warmup-core/src/main/java/hotreload/advanced/SimplifiedAdvancedHotReloadManager.java:[160,13] eventBus has private access in io.warmup.framework.hotreload.HotReloadManager
[[1;31mERROR[m] /workspace/warmup-framework/warmup-core/src/main/java/hotreload/advanced/SimplifiedAdvancedHotReloadManager.java:[190,23] cannot find symbol
  symbol:   method clearCache()
  location: variable changeDetector of type io.warmup.framework.hotreload.advanced.BytecodeChangeDetector
[[1;31mERROR[m] /workspace/warmup-framework/warmup-core/src/main/java/io/warmup/framework/event/EventPublisher.java:[44,21] cannot find symbol
  symbol:   method publishEventAsync(io.warmup.framework.event.Event)
  location: variable eventBus of type io.warmup.framework.event.EventBus
[[1;31mERROR[m] /workspace/warmup-framework/warmup-core/src/main/java/io/warmup/framework/event/EventPublisher.java:[64,21] cannot find symbol
  symbol:   method printStatusReport()
  location: variable eventBus of type io.warmup.framework.event.EventBus
[[1;31mERROR[m] /workspace/warmup-framework/warmup-core/src/main/java/io/warmup/framework/hotreload/HotReloadAutoConfig.java:[29,25] cannot find symbol
  symbol:   method monitorDirectory(java.lang.String)
  location: variable hotReloadManager of type io.warmup.framework.hotreload.HotReloadManager
[[1;31mERROR[m] /workspace/warmup-framework/warmup-core/src/main/java/io/warmup/framework/hotreload/HotReloadAutoConfig.java:[30,25] cannot find symbol
  symbol:   method monitorDirectory(java.lang.String)
  location: variable hotReloadManager of type io.warmup.framework.hotreload.HotReloadManager
[[1;31mERROR[m] /workspace/warmup-framework/warmup-core/src/main/java/io/warmup/framework/hotreload/HotReloadAutoConfig.java:[31,25] cannot find symbol
  symbol:   method monitorDirectory(java.lang.String)
  location: variable hotReloadManager of type io.warmup.framework.hotreload.HotReloadManager
[[1;31mERROR[m] /workspace/warmup-framework/warmup-core/src/main/java/io/warmup/framework/hotreload/HotReloadAutoConfig.java:[34,25] cannot find symbol
  symbol:   method monitorDirectory(java.lang.String)
  location: variable hotReloadManager of type io.warmup.framework.hotreload.HotReloadManager
[[1;31mERROR[m] /workspace/warmup-framework/warmup-core/src/main/java/io/warmup/framework/hotreload/HotReloadExample.java:[35,29] cannot find symbol
  symbol:   method monitorDirectory(java.lang.String)
  location: variable hotReloadManager of type io.warmup.framework.hotreload.HotReloadManager
[[1;31mERROR[m] /workspace/warmup-framework/warmup-core/src/main/java/io/warmup/framework/hotreload/HotReloadExample.java:[57,17] cannot find symbol
  symbol:   method subscribe(java.lang.Class<io.warmup.framework.hotreload.HotReloadEvent>,(event)->{[...]; } })
  location: variable eventBus of type io.warmup.framework.event.EventBus
[[1;31mERROR[m] /workspace/warmup-framework/warmup-core/src/main/java/io/warmup/framework/hotreload/HotReloadExample.java:[66,22] an enum switch case label must be the unqualified name of an enumeration constant
[[1;31mERROR[m] /workspace/warmup-framework/warmup-core/src/main/java/io/warmup/framework/hotreload/HotReloadExample.java:[69,22] an enum switch case label must be the unqualified name of an enumeration constant
[[1;31mERROR[m] /workspace/warmup-framework/warmup-core/src/main/java/io/warmup/framework/startup/bootstrap/CriticalClassRegistry.java:[377,70] Alternatives in a multi-catch statement cannot be related by subclassing
  Alternative java.lang.NoClassDefFoundError is a subclass of alternative java.lang.LinkageError
[[1;31mERROR[m] /workspace/warmup-framework/warmup-core/src/main/java/io/warmup/framework/startup/bootstrap/examples/CriticalClassPreloadExample.java:[144,38] cannot find symbol
  symbol:   class SystemSummary
  location: class io.warmup.framework.startup.StartupPhasesManager
[[1;31mERROR[m] /workspace/warmup-framework/warmup-core/src/main/java/io/warmup/framework/startup/bootstrap/examples/CriticalClassPreloadExample.java:[341,31] cannot find symbol
  symbol:   class ComprehensiveStartupOptimizationResult
  location: class io.warmup.framework.startup.bootstrap.examples.CriticalClassPreloadExample
[[1;31mERROR[m] /workspace/warmup-framework/warmup-core/src/main/java/io/warmup/framework/startup/bootstrap/examples/CriticalClassPreloadExample.java:[344,13] cannot find symbol
  symbol:   class ComprehensiveStartupOptimizationResult
  location: class io.warmup.framework.startup.bootstrap.examples.CriticalClassPreloadExample
[[1;31mERROR[m] /workspace/warmup-framework/warmup-core/src/main/java/io/warmup/framework/startup/critical/examples/CriticalSeparationExample.java:[245,20] no suitable method found for log(java.util.logging.Level,java.lang.String,java.lang.String,io.warmup.framework.startup.critical.ServiceDataClasses.ServiceState)
    method java.util.logging.Logger.log(java.util.logging.LogRecord) is not applicable
      (actual and formal argument lists differ in length)
    method java.util.logging.Logger.log(java.util.logging.Level,java.lang.String) is not applicable
      (actual and formal argument lists differ in length)
    method java.util.logging.Logger.log(java.util.logging.Level,java.util.function.Supplier<java.lang.String>) is not applicable
      (actual and formal argument lists differ in length)
    method java.util.logging.Logger.log(java.util.logging.Level,java.lang.String,java.lang.Object) is not applicable
      (actual and formal argument lists differ in length)
    method java.util.logging.Logger.log(java.util.logging.Level,java.lang.String,java.lang.Object[]) is not applicable
      (actual and formal argument lists differ in length)
    method java.util.logging.Logger.log(java.util.logging.Level,java.lang.String,java.lang.Throwable) is not applicable
      (actual and formal argument lists differ in length)
    method java.util.logging.Logger.log(java.util.logging.Level,java.lang.Throwable,java.util.function.Supplier<java.lang.String>) is not applicable
      (actual and formal argument lists differ in length)
[[1;31mERROR[m] /workspace/warmup-framework/warmup-core/src/main/java/io/warmup/framework/startup/examples/ComprehensiveStartupExample.java:[28,72] incompatible types: io.warmup.framework.startup.examples.ComprehensiveStartupExample.MockWarmupContainer cannot be converted to io.warmup.framework.core.WarmupContainer
[[1;31mERROR[m] /workspace/warmup-framework/warmup-core/src/main/java/io/warmup/framework/startup/examples/ComprehensiveStartupExample.java:[70,14] cannot find symbol
  symbol:   class SystemOptimizationSummary
  location: class io.warmup.framework.startup.examples.ComprehensiveStartupExample
[[1;31mERROR[m] /workspace/warmup-framework/warmup-core/src/main/java/io/warmup/framework/startup/examples/ComprehensiveStartupExample.java:[148,50] cannot find symbol
  symbol:   method getParallelizationEfficiency()
  location: variable parallelStats of type io.warmup.framework.startup.ParallelizationStats
[[1;31mERROR[m] /workspace/warmup-framework/warmup-core/src/main/java/io/warmup/framework/startup/examples/ComprehensiveStartupExample.java:[149,66] cannot find symbol
  symbol:   method getOptimizationRecommendations()
  location: variable parallelStats of type io.warmup.framework.startup.ParallelizationStats
[[1;31mERROR[m] /workspace/warmup-framework/warmup-core/src/main/java/io/warmup/framework/startup/examples/ComprehensiveStartupExample.java:[170,27] cannot find symbol
  symbol:   method getBackgroundPhaseMetrics()
  location: variable startupMetrics of type io.warmup.framework.startup.StartupMetrics
[[1;31mERROR[m] /workspace/warmup-framework/warmup-core/src/main/java/io/warmup/framework/startup/examples/ParallelStartupExample.java:[87,12] no suitable method found for log(java.util.logging.Level,java.lang.String,long,int)
    method java.util.logging.Logger.log(java.util.logging.LogRecord) is not applicable
      (actual and formal argument lists differ in length)
    method java.util.logging.Logger.log(java.util.logging.Level,java.lang.String) is not applicable
      (actual and formal argument lists differ in length)
    method java.util.logging.Logger.log(java.util.logging.Level,java.util.function.Supplier<java.lang.String>) is not applicable
      (actual and formal argument lists differ in length)
    method java.util.logging.Logger.log(java.util.logging.Level,java.lang.String,java.lang.Object) is not applicable
      (actual and formal argument lists differ in length)
    method java.util.logging.Logger.log(java.util.logging.Level,java.lang.String,java.lang.Object[]) is not applicable
      (actual and formal argument lists differ in length)
    method java.util.logging.Logger.log(java.util.logging.Level,java.lang.String,java.lang.Throwable) is not applicable
      (actual and formal argument lists differ in length)
    method java.util.logging.Logger.log(java.util.logging.Level,java.lang.Throwable,java.util.function.Supplier<java.lang.String>) is not applicable
      (actual and formal argument lists differ in length)
[[1;31mERROR[m] /workspace/warmup-framework/warmup-core/src/main/java/io/warmup/framework/startup/examples/ParallelStartupExample.java:[136,16] no suitable method found for log(java.util.logging.Level,java.lang.String,long,int)
    method java.util.logging.Logger.log(java.util.logging.LogRecord) is not applicable
      (actual and formal argument lists differ in length)
    method java.util.logging.Logger.log(java.util.logging.Level,java.lang.String) is not applicable
      (actual and formal argument lists differ in length)
    method java.util.logging.Logger.log(java.util.logging.Level,java.util.function.Supplier<java.lang.String>) is not applicable
      (actual and formal argument lists differ in length)
    method java.util.logging.Logger.log(java.util.logging.Level,java.lang.String,java.lang.Object) is not applicable
      (actual and formal argument lists differ in length)
    method java.util.logging.Logger.log(java.util.logging.Level,java.lang.String,java.lang.Object[]) is not applicable
      (actual and formal argument lists differ in length)
    method java.util.logging.Logger.log(java.util.logging.Level,java.lang.String,java.lang.Throwable) is not applicable
      (actual and formal argument lists differ in length)
    method java.util.logging.Logger.log(java.util.logging.Level,java.lang.Throwable,java.util.function.Supplier<java.lang.String>) is not applicable
      (actual and formal argument lists differ in length)
[[1;31mERROR[m] /workspace/warmup-framework/warmup-core/src/main/java/io/warmup/framework/startup/examples/ParallelStartupExample.java:[200,31] cannot find symbol
  symbol:   method isAllPhasesCompleted()
  location: variable traditionalMetrics of type io.warmup.framework.startup.StartupMetrics
[[1;31mERROR[m] /workspace/warmup-framework/warmup-core/src/main/java/io/warmup/framework/startup/hotpath/examples/HotPathOptimizationExample.java:[375,67] cannot find symbol
  symbol:   variable EXTREMELY_HOT
  location: class io.warmup.framework.startup.hotpath.HotnessLevel
[[1;31mERROR[m] /workspace/warmup-framework/warmup-core/src/main/java/io/warmup/framework/startup/hotpath/examples/HotPathOptimizationExample.java:[376,65] cannot find symbol
  symbol:   variable VERY_HOT
  location: class io.warmup.framework.startup.hotpath.HotnessLevel
[[1;31mERROR[m] /workspace/warmup-framework/warmup-core/src/main/java/io/warmup/framework/startup/hotpath/examples/HotPathOptimizationExample.java:[386,73] cannot find symbol
  symbol:   variable PARALLEL_EXECUTION
  location: class io.warmup.framework.startup.hotpath.OptimizationType
[[1;31mERROR[m] /workspace/warmup-framework/warmup-core/src/main/java/io/warmup/framework/startup/hotpath/examples/HotPathOptimizationExample.java:[396,73] cannot find symbol
  symbol:   variable PHASE_REORDERING
  location: class io.warmup.framework.startup.hotpath.OptimizationType
[[1;31mERROR[m] /workspace/warmup-framework/warmup-core/src/main/java/io/warmup/framework/startup/lazy/LazyBeanRegistry.java:[71,31] no suitable method found for register(java.lang.Class<T>,io.warmup.framework.startup.lazy.LazyBeanSupplier<T>)
    method io.warmup.framework.core.DependencyRegistry.<T>register(java.lang.Class<T>,boolean) is not applicable
      (cannot infer type-variable(s) T
        (argument mismatch; io.warmup.framework.startup.lazy.LazyBeanSupplier<T> cannot be converted to boolean))
    method io.warmup.framework.core.DependencyRegistry.<T>register(java.lang.Class<T>,T) is not applicable
      (inference variable T has incompatible bounds
        equality constraints: T
        lower bounds: io.warmup.framework.startup.lazy.LazyBeanSupplier<T>)
    method io.warmup.framework.core.DependencyRegistry.<T>register(java.lang.Class<T>,java.lang.Class<? extends T>,boolean) is not applicable
      (cannot infer type-variable(s) T
        (actual and formal argument lists differ in length))
[[1;31mERROR[m] /workspace/warmup-framework/warmup-core/src/main/java/io/warmup/framework/startup/lazy/OnDemandInitializationContext.java:[199,33] no suitable method found for registerLazyBean(java.lang.String,java.lang.Class<capture#5 of ?>,io.warmup.framework.startup.lazy.LazyBeanSupplier<java.lang.Object>)
    method io.warmup.framework.startup.lazy.LazyBeanRegistry.<T>registerLazyBean(java.lang.String,java.lang.Class<T>,io.warmup.framework.startup.lazy.LazyBeanSupplier<T>) is not applicable
      (inference variable T has incompatible equality constraints java.lang.Object,capture#5 of ?)
    method io.warmup.framework.startup.lazy.LazyBeanRegistry.<T>registerLazyBean(java.lang.String,java.lang.Class<T>,java.util.function.Supplier<T>) is not applicable
      (inference variable T has incompatible equality constraints java.lang.Object,capture#5 of ?)
[[1;31mERROR[m] /workspace/warmup-framework/warmup-core/src/main/java/io/warmup/framework/startup/lazy/OnDemandInitializationContext.java:[220,61] package javax.inject does not exist
[[1;34mINFO[m] 100 errors 
[[1;34mINFO[m] -------------------------------------------------------------
[[1;34mINFO[m] [1m------------------------------------------------------------------------[m
[[1;34mINFO[m] [1;31mBUILD FAILURE[m
[[1;34mINFO[m] [1m------------------------------------------------------------------------[m
[[1;34mINFO[m] Total time:  8.795 s
[[1;34mINFO[m] Finished at: 2025-11-23T18:28:12Z
[[1;34mINFO[m] [1m------------------------------------------------------------------------[m
[[1;31mERROR[m] Failed to execute goal [32morg.apache.maven.plugins:maven-compiler-plugin:3.14.0:compile[m [1m(default-compile)[m on project [36mwarmup-core[m: [1;31mCompilation failure[m: Compilation failure: 
[[1;31mERROR[m] /workspace/warmup-framework/warmup-core/src/main/java/io/warmup/framework/startup/StartupPhasesManager.java:[579,21] incompatible types: io.warmup.framework.startup.unsafe.UnsafeMemoryStatistics cannot be converted to io.warmup.framework.startup.unsafe.UnsafeMemoryMetrics.UnsafeMemoryStatistics
[[1;31mERROR[m] /workspace/warmup-framework/warmup-core/src/main/java/io/warmup/framework/startup/critical/CriticalSeparationSystem.java:[148,53] cannot find symbol
[[1;31mERROR[m]   symbol:   variable ServiceCriticality
[[1;31mERROR[m]   location: class io.warmup.framework.startup.critical.CriticalSeparationSystem
[[1;31mERROR[m] /workspace/warmup-framework/warmup-core/src/main/java/io/warmup/framework/startup/critical/CriticalSeparationSystem.java:[295,37] incompatible types: java.util.List<io.warmup.framework.startup.critical.ServiceDataClasses.ServiceInfo> cannot be converted to java.util.Map<java.lang.String,io.warmup.framework.startup.critical.ServiceDataClasses.ServiceInfo>
[[1;31mERROR[m] /workspace/warmup-framework/warmup-core/src/main/java/io/warmup/framework/startup/critical/CriticalSeparationSystem.java:[306,45] incompatible types: java.util.List<io.warmup.framework.startup.critical.ServiceDataClasses.ServiceInfo> cannot be converted to java.util.Map<java.lang.String,io.warmup.framework.startup.critical.ServiceDataClasses.ServiceInfo>
[[1;31mERROR[m] /workspace/warmup-framework/warmup-core/src/main/java/io/warmup/framework/startup/critical/CriticalSeparationSystem.java:[320,32] incompatible types: java.util.List<io.warmup.framework.startup.critical.ServiceDataClasses.ServiceInfo> cannot be converted to java.util.Map<java.lang.String,io.warmup.framework.startup.critical.ServiceDataClasses.ServiceInfo>
[[1;31mERROR[m] /workspace/warmup-framework/warmup-core/src/main/java/io/warmup/framework/startup/critical/CriticalSeparationSystem.java:[404,19] cannot find symbol
[[1;31mERROR[m]   symbol:   method cleanup()
[[1;31mERROR[m]   location: variable classifier of type io.warmup.framework.startup.critical.ServiceCriticalityClassifier
[[1;31mERROR[m] /workspace/warmup-framework/warmup-core/src/main/java/io/warmup/framework/startup/unsafe/UnsafeStartupSystem.java:[368,19] cannot find symbol
[[1;31mERROR[m]   symbol:   method forceGC()
[[1;31mERROR[m]   location: variable gcStrategy of type io.warmup.framework.startup.unsafe.GCEliminationStrategy
[[1;31mERROR[m] /workspace/warmup-framework/warmup-core/src/main/java/io/warmup/framework/startup/unsafe/UnsafeStartupSystem.java:[421,13] cannot find symbol
[[1;31mERROR[m]   symbol:   class GCStatistics
[[1;31mERROR[m]   location: class io.warmup.framework.startup.unsafe.UnsafeStartupSystem
[[1;31mERROR[m] /workspace/warmup-framework/warmup-core/src/main/java/io/warmup/framework/startup/SubsystemInitializationResult.java:[167,42] cannot find symbol
[[1;31mERROR[m]   symbol:   method getPerformanceMetrics()
[[1;31mERROR[m]   location: class io.warmup.framework.startup.SubsystemMetrics
[[1;31mERROR[m] /workspace/warmup-framework/warmup-core/src/main/java/io/warmup/framework/startup/CombinedStartupResult.java:[61,34] cannot find symbol
[[1;31mERROR[m]   symbol:   method isAllPhasesCompleted()
[[1;31mERROR[m]   location: variable traditionalMetrics of type io.warmup.framework.startup.StartupMetrics
[[1;31mERROR[m] /workspace/warmup-framework/warmup-core/src/main/java/io/warmup/framework/startup/CombinedStartupResult.java:[166,80] incompatible types: java.util.Map<java.lang.String,java.lang.Object> cannot be converted to io.warmup.framework.startup.ParallelizationStats
[[1;31mERROR[m] /workspace/warmup-framework/warmup-core/src/main/java/io/warmup/framework/startup/config/PreloadOptimizationMetrics.java:[205,20] non-static method formatDuration(long) cannot be referenced from a static context
[[1;31mERROR[m] /workspace/warmup-framework/warmup-core/src/main/java/io/warmup/framework/startup/memory/PageFaultPreloader.java:[357,32] incompatible types: possible lossy conversion from long to int
[[1;31mERROR[m] /workspace/warmup-framework/warmup-core/src/main/java/io/warmup/framework/startup/memory/PageFaultPreloader.java:[358,32] incompatible types: possible lossy conversion from long to int
[[1;31mERROR[m] /workspace/warmup-framework/warmup-core/src/main/java/io/warmup/framework/startup/memory/PageFaultPreloader.java:[364,27] long cannot be dereferenced
[[1;31mERROR[m] /workspace/warmup-framework/warmup-core/src/main/java/io/warmup/framework/startup/unsafe/UnsafeMemoryMetrics.java:[261,67] incompatible types: io.warmup.framework.startup.unsafe.UnsafeMemoryMetrics.UnsafeMemoryStatistics cannot be converted to io.warmup.framework.startup.unsafe.UnsafeMemoryMetrics.SystemStartupMetrics
[[1;31mERROR[m] /workspace/warmup-framework/warmup-core/src/main/java/io/warmup/framework/startup/unsafe/UnsafeMemoryMetrics.java:[312,13] cannot find symbol
[[1;31mERROR[m]   symbol:   method getGCEliminationMetrics()
[[1;31mERROR[m]   location: class io.warmup.framework.startup.unsafe.UnsafeMemoryMetrics
[[1;31mERROR[m] /workspace/warmup-framework/warmup-core/src/main/java/io/warmup/framework/startup/unsafe/UnsafeMemoryMetrics.java:[313,13] cannot find symbol
[[1;31mERROR[m]   symbol:   method getStructureUsageMetrics()
[[1;31mERROR[m]   location: class io.warmup.framework.startup.unsafe.UnsafeMemoryMetrics
[[1;31mERROR[m] /workspace/warmup-framework/warmup-core/src/main/java/io/warmup/framework/startup/unsafe/UnsafeMemoryMetrics.java:[327,42] cannot find symbol
[[1;31mERROR[m]   symbol:   method getGCEliminationMetrics()
[[1;31mERROR[m]   location: class io.warmup.framework.startup.unsafe.UnsafeMemoryMetrics
[[1;31mERROR[m] /workspace/warmup-framework/warmup-core/src/main/java/io/warmup/framework/startup/unsafe/UnsafeMemoryMetrics.java:[339,27] cannot find symbol
[[1;31mERROR[m]   symbol:   method sum()
[[1;31mERROR[m]   location: variable poolOperations of type java.util.concurrent.ConcurrentHashMap<java.lang.String,java.util.concurrent.atomic.LongAdder>
[[1;31mERROR[m] /workspace/warmup-framework/warmup-core/src/main/java/io/warmup/framework/startup/unsafe/UnsafeMemoryMetrics.java:[477,62] cannot find symbol
[[1;31mERROR[m]   symbol:   variable Collectors
[[1;31mERROR[m]   location: class io.warmup.framework.startup.unsafe.UnsafeMemoryMetrics
[[1;31mERROR[m] /workspace/warmup-framework/warmup-core/src/main/java/io/warmup/framework/startup/unsafe/UnsafeMemoryManager.java:[342,16] constructor UnsafeMemoryStatistics in class io.warmup.framework.startup.unsafe.UnsafeMemoryStatistics cannot be applied to given types;
[[1;31mERROR[m]   required: long,long,long,long,long
[[1;31mERROR[m]   found:    long,long,long,int,long,long
[[1;31mERROR[m]   reason: actual and formal argument lists differ in length
[[1;31mERROR[m] /workspace/warmup-framework/warmup-core/src/main/java/io/warmup/framework/startup/config/MemoryMappedConfigLoader.java:[81,22] cannot find symbol
[[1;31mERROR[m]   symbol:   variable Collectors
[[1;31mERROR[m]   location: class io.warmup.framework.startup.config.MemoryMappedConfigLoader
[[1;31mERROR[m] /workspace/warmup-framework/warmup-core/src/main/java/io/warmup/framework/startup/config/MemoryMappedConfigLoader.java:[482,79] incompatible types: java.lang.OutOfMemoryError cannot be converted to java.lang.Exception
[[1;31mERROR[m] /workspace/warmup-framework/warmup-core/src/main/java/io/warmup/framework/startup/unsafe/UnsafeDataStructures.java:[83,32] cannot find symbol
[[1;31mERROR[m]   symbol:   method recordOperation(java.lang.String,java.lang.String)
[[1;31mERROR[m]   location: class io.warmup.framework.startup.unsafe.UnsafeMemoryMetrics
[[1;31mERROR[m] /workspace/warmup-framework/warmup-core/src/main/java/io/warmup/framework/startup/unsafe/UnsafeDataStructures.java:[218,32] cannot find symbol
[[1;31mERROR[m]   symbol:   method recordOperation(java.lang.String,java.lang.String)
[[1;31mERROR[m]   location: class io.warmup.framework.startup.unsafe.UnsafeMemoryMetrics
[[1;31mERROR[m] /workspace/warmup-framework/warmup-core/src/main/java/io/warmup/framework/startup/unsafe/UnsafeDataStructures.java:[367,56] incompatible types: cannot infer type arguments for io.warmup.framework.startup.unsafe.UnsafeDataStructures.UnsafeArrayList<>
[[1;31mERROR[m]     reason: inference variable T has incompatible equality constraints T,java.lang.Long
[[1;31mERROR[m] /workspace/warmup-framework/warmup-core/src/main/java/io/warmup/framework/startup/unsafe/UnsafeDataStructures.java:[391,33] cannot find symbol
[[1;31mERROR[m]   symbol:   method remove(int)
[[1;31mERROR[m]   location: variable availableObjects of type io.warmup.framework.startup.unsafe.UnsafeDataStructures.UnsafeArrayList<T>
[[1;31mERROR[m] /workspace/warmup-framework/warmup-core/src/main/java/io/warmup/framework/startup/unsafe/UnsafeDataStructures.java:[392,32] cannot find symbol
[[1;31mERROR[m]   symbol:   method remove(int)
[[1;31mERROR[m]   location: variable objectAddresses of type io.warmup.framework.startup.unsafe.UnsafeDataStructures.UnsafeArrayList<java.lang.Long>
[[1;31mERROR[m] /workspace/warmup-framework/warmup-core/src/main/java/io/warmup/framework/startup/unsafe/UnsafeDataStructures.java:[517,28] cannot find symbol
[[1;31mERROR[m]   symbol:   method contains(java.lang.String)
[[1;31mERROR[m]   location: variable configKeys of type io.warmup.framework.startup.unsafe.UnsafeDataStructures.UnsafeArrayList<java.lang.String>
[[1;31mERROR[m] /workspace/warmup-framework/warmup-core/src/main/java/io/warmup/framework/startup/critical/ServiceCriticalityClassifier.java:[139,43] cannot find symbol
[[1;31mERROR[m]   symbol:   class Critical
[[1;31mERROR[m]   location: class io.warmup.framework.startup.critical.ServiceCriticalityClassifier
[[1;31mERROR[m] /workspace/warmup-framework/warmup-core/src/main/java/io/warmup/framework/startup/critical/ServiceCriticalityClassifier.java:[143,73] cannot find symbol
[[1;31mERROR[m]   symbol:   class HighPriority
[[1;31mERROR[m]   location: package io.warmup.framework.annotation
[[1;31mERROR[m] /workspace/warmup-framework/warmup-core/src/main/java/io/warmup/framework/startup/critical/ServiceCriticalityClassifier.java:[147,73] cannot find symbol
[[1;31mERROR[m]   symbol:   class Background
[[1;31mERROR[m]   location: package io.warmup.framework.annotation
[[1;31mERROR[m] /workspace/warmup-framework/warmup-core/src/main/java/io/warmup/framework/startup/critical/ServiceCriticalityClassifier.java:[151,73] cannot find symbol
[[1;31mERROR[m]   symbol:   class LowPriority
[[1;31mERROR[m]   location: package io.warmup.framework.annotation
[[1;31mERROR[m] /workspace/warmup-framework/warmup-core/src/main/java/io/warmup/framework/startup/critical/ServiceCriticalityClassifier.java:[183,39] cannot find symbol
[[1;31mERROR[m]   symbol:   class Service
[[1;31mERROR[m]   location: class io.warmup.framework.startup.critical.ServiceCriticalityClassifier
[[1;31mERROR[m] /workspace/warmup-framework/warmup-core/src/main/java/io/warmup/framework/startup/critical/CriticalServiceLoader.java:[57,38] cannot find symbol
[[1;31mERROR[m]   symbol:   method getBeanRegistry()
[[1;31mERROR[m]   location: variable container of type io.warmup.framework.core.WarmupContainer
[[1;31mERROR[m] /workspace/warmup-framework/warmup-core/src/main/java/io/warmup/framework/startup/critical/CriticalServiceLoader.java:[313,25] method registerBean in class io.warmup.framework.core.BeanRegistry cannot be applied to given types;
[[1;31mERROR[m]   required: java.lang.String,java.lang.Class<?>,java.lang.Object
[[1;31mERROR[m]   found:    java.lang.String,java.lang.Object
[[1;31mERROR[m]   reason: actual and formal argument lists differ in length
[[1;31mERROR[m] /workspace/warmup-framework/warmup-core/src/main/java/io/warmup/framework/startup/critical/CriticalServiceLoader.java:[314,31] cannot find symbol
[[1;31mERROR[m]   symbol:   method registerDependency(java.lang.String,java.lang.Class<capture#1 of ? extends java.lang.Object>)
[[1;31mERROR[m]   location: variable dependencyRegistry of type io.warmup.framework.core.DependencyRegistry
[[1;31mERROR[m] /workspace/warmup-framework/warmup-core/src/main/java/io/warmup/framework/startup/critical/CriticalServiceLoader.java:[354,43] method getBean in class io.warmup.framework.core.BeanRegistry cannot be applied to given types;
[[1;31mERROR[m]   required: java.lang.String,java.lang.Class<T>
[[1;31mERROR[m]   found:    java.lang.String
[[1;31mERROR[m]   reason: cannot infer type-variable(s) T
[[1;31mERROR[m]     (actual and formal argument lists differ in length)
[[1;31mERROR[m] /workspace/warmup-framework/warmup-core/src/main/java/io/warmup/framework/startup/critical/CriticalServiceLoader.java:[363,39] method getBean in class io.warmup.framework.core.BeanRegistry cannot be applied to given types;
[[1;31mERROR[m]   required: java.lang.String,java.lang.Class<T>
[[1;31mERROR[m]   found:    java.lang.Class<capture#2 of ?>
[[1;31mERROR[m]   reason: cannot infer type-variable(s) T
[[1;31mERROR[m]     (actual and formal argument lists differ in length)
[[1;31mERROR[m] /workspace/warmup-framework/warmup-core/src/main/java/io/warmup/framework/startup/critical/NonCriticalServiceWarming.java:[76,38] cannot find symbol
[[1;31mERROR[m]   symbol:   method getBeanRegistry()
[[1;31mERROR[m]   location: variable container of type io.warmup.framework.core.WarmupContainer
[[1;31mERROR[m] /workspace/warmup-framework/warmup-core/src/main/java/io/warmup/framework/startup/critical/NonCriticalServiceWarming.java:[274,45] method getBean in class io.warmup.framework.core.BeanRegistry cannot be applied to given types;
[[1;31mERROR[m]   required: java.lang.String,java.lang.Class<T>
[[1;31mERROR[m]   found:    java.lang.String
[[1;31mERROR[m]   reason: cannot infer type-variable(s) T
[[1;31mERROR[m]     (actual and formal argument lists differ in length)
[[1;31mERROR[m] /workspace/warmup-framework/warmup-core/src/main/java/io/warmup/framework/startup/critical/NonCriticalServiceWarming.java:[301,39] method getBean in class io.warmup.framework.core.BeanRegistry cannot be applied to given types;
[[1;31mERROR[m]   required: java.lang.String,java.lang.Class<T>
[[1;31mERROR[m]   found:    java.lang.String
[[1;31mERROR[m]   reason: cannot infer type-variable(s) T
[[1;31mERROR[m]     (actual and formal argument lists differ in length)
[[1;31mERROR[m] /workspace/warmup-framework/warmup-core/src/main/java/io/warmup/framework/startup/critical/NonCriticalServiceWarming.java:[309,39] method getBean in class io.warmup.framework.core.BeanRegistry cannot be applied to given types;
[[1;31mERROR[m]   required: java.lang.String,java.lang.Class<T>
[[1;31mERROR[m]   found:    java.lang.Class<capture#3 of ?>
[[1;31mERROR[m]   reason: cannot infer type-variable(s) T
[[1;31mERROR[m]     (actual and formal argument lists differ in length)
[[1;31mERROR[m] /workspace/warmup-framework/warmup-core/src/main/java/io/warmup/framework/startup/critical/NonCriticalServiceWarming.java:[377,25] method registerBean in class io.warmup.framework.core.BeanRegistry cannot be applied to given types;
[[1;31mERROR[m]   required: java.lang.String,java.lang.Class<?>,java.lang.Object
[[1;31mERROR[m]   found:    java.lang.String,java.lang.Object
[[1;31mERROR[m]   reason: actual and formal argument lists differ in length
[[1;31mERROR[m] /workspace/warmup-framework/warmup-core/src/main/java/io/warmup/framework/startup/critical/NonCriticalServiceWarming.java:[378,31] cannot find symbol
[[1;31mERROR[m]   symbol:   method registerDependency(java.lang.String,java.lang.Class<capture#4 of ? extends java.lang.Object>)
[[1;31mERROR[m]   location: variable dependencyRegistry of type io.warmup.framework.core.DependencyRegistry
[[1;31mERROR[m] /workspace/warmup-framework/warmup-core/src/main/java/io/warmup/framework/startup/bootstrap/CriticalClassPreloader.java:[121,17] cannot find symbol
[[1;31mERROR[m]   symbol:   class PreloadMetricsReport
[[1;31mERROR[m]   location: class io.warmup.framework.startup.bootstrap.CriticalClassPreloader
[[1;31mERROR[m] /workspace/warmup-framework/warmup-core/src/main/java/io/warmup/framework/startup/bootstrap/CriticalClassPreloader.java:[330,52] cannot find symbol
[[1;31mERROR[m]   symbol:   method of(java.lang.String,java.lang.String,java.lang.String,java.lang.String)
[[1;31mERROR[m]   location: interface java.util.Set
[[1;31mERROR[m] /workspace/warmup-framework/warmup-core/src/main/java/io/warmup/framework/startup/bootstrap/ClassPreloadMetrics.java:[114,20] method recordLoad in class io.warmup.framework.startup.bootstrap.ClassPreloadMetrics.ClassLoadMetrics cannot be applied to given types;
[[1;31mERROR[m]   required: long,boolean
[[1;31mERROR[m]   found:    long,int,boolean
[[1;31mERROR[m]   reason: actual and formal argument lists differ in length
[[1;31mERROR[m] /workspace/warmup-framework/warmup-core/src/main/java/io/warmup/framework/startup/bootstrap/ClassPreloadMetrics.java:[194,15] cannot find symbol
[[1;31mERROR[m]   symbol:   method setStandardDeviationMs(double)
[[1;31mERROR[m]   location: variable report of type io.warmup.framework.startup.bootstrap.ClassPreloadMetrics.PreloadMetricsReport
[[1;31mERROR[m] /workspace/warmup-framework/warmup-core/src/main/java/io/warmup/framework/startup/bootstrap/ClassPreloadMetrics.java:[239,26] cannot find symbol
[[1;31mERROR[m]   symbol:   variable Collectors
[[1;31mERROR[m]   location: class io.warmup.framework.startup.bootstrap.ClassPreloadMetrics
[[1;31mERROR[m] /workspace/warmup-framework/warmup-core/src/main/java/io/warmup/framework/startup/bootstrap/BootstrapClassLoader.java:[164,26] cannot find symbol
[[1;31mERROR[m]   symbol:   variable Collectors
[[1;31mERROR[m]   location: class io.warmup.framework.startup.bootstrap.BootstrapClassLoader
[[1;31mERROR[m] /workspace/warmup-framework/warmup-core/src/main/java/io/warmup/framework/startup/bootstrap/BootstrapClassLoader.java:[180,27] cannot find symbol
[[1;31mERROR[m]   symbol:   method incrementFailed()
[[1;31mERROR[m]   location: variable result of type io.warmup.framework.startup.bootstrap.BootstrapClassLoader.PreloadResult
[[1;31mERROR[m] /workspace/warmup-framework/warmup-core/src/main/java/io/warmup/framework/startup/bootstrap/BootstrapClassLoader.java:[231,66] Alternatives in a multi-catch statement cannot be related by subclassing
[[1;31mERROR[m]   Alternative java.lang.NoClassDefFoundError is a subclass of alternative java.lang.LinkageError
[[1;31mERROR[m] /workspace/warmup-framework/warmup-core/src/main/java/io/warmup/framework/startup/bootstrap/BootstrapClassLoader.java:[300,26] cannot find symbol
[[1;31mERROR[m]   symbol:   variable Collectors
[[1;31mERROR[m]   location: class io.warmup.framework.startup.bootstrap.BootstrapClassLoader
[[1;31mERROR[m] /workspace/warmup-framework/warmup-core/src/main/java/hotreload/advanced/SimpleAdvancedHotReloadExample.java:[110,27] cannot find symbol
[[1;31mERROR[m]   symbol:   class GlobalMetrics
[[1;31mERROR[m]   location: class io.warmup.framework.hotreload.advanced.HotReloadDashboard
[[1;31mERROR[m] /workspace/warmup-framework/warmup-core/src/main/java/hotreload/advanced/SimpleAdvancedHotReloadExample.java:[121,27] cannot find symbol
[[1;31mERROR[m]   symbol:   class SystemHealthStatus
[[1;31mERROR[m]   location: class io.warmup.framework.hotreload.advanced.HotReloadDashboard
[[1;31mERROR[m] /workspace/warmup-framework/warmup-core/src/main/java/hotreload/advanced/SimpleAdvancedHotReloadExample.java:[194,22] cannot find symbol
[[1;31mERROR[m]   symbol:   method recordReload(java.lang.String,boolean,long,io.warmup.framework.hotreload.advanced.SimplifiedAdvancedHotReloadManager.ChangeType)
[[1;31mERROR[m]   location: variable dashboard of type io.warmup.framework.hotreload.advanced.HotReloadDashboard
[[1;31mERROR[m] /workspace/warmup-framework/warmup-core/src/main/java/hotreload/advanced/SimpleAdvancedHotReloadExample.java:[214,29] cannot find symbol
[[1;31mERROR[m]   symbol:   method getSystemHealthStatus()
[[1;31mERROR[m]   location: variable dashboard of type io.warmup.framework.hotreload.advanced.HotReloadDashboard
[[1;31mERROR[m] /workspace/warmup-framework/warmup-core/src/main/java/hotreload/advanced/SimpleAdvancedHotReloadExample.java:[218,29] cannot find symbol
[[1;31mERROR[m]   symbol:   method exportReport()
[[1;31mERROR[m]   location: variable dashboard of type io.warmup.framework.hotreload.advanced.HotReloadDashboard
[[1;31mERROR[m] /workspace/warmup-framework/warmup-core/src/main/java/hotreload/advanced/SimplifiedAdvancedHotReloadManager.java:[102,52] cannot find symbol
[[1;31mERROR[m]   symbol:   method scanClassFiles(java.nio.file.Path)
[[1;31mERROR[m]   location: variable changeDetector of type io.warmup.framework.hotreload.advanced.BytecodeChangeDetector
[[1;31mERROR[m] /workspace/warmup-framework/warmup-core/src/main/java/hotreload/advanced/SimplifiedAdvancedHotReloadManager.java:[105,35] cannot find symbol
[[1;31mERROR[m]   symbol:   method detectChanges(java.nio.file.Path)
[[1;31mERROR[m]   location: variable changeDetector of type io.warmup.framework.hotreload.advanced.BytecodeChangeDetector
[[1;31mERROR[m] /workspace/warmup-framework/warmup-core/src/main/java/hotreload/advanced/SimplifiedAdvancedHotReloadManager.java:[107,70] cannot find symbol
[[1;31mERROR[m]   symbol:   variable CHANGED
[[1;31mERROR[m]   location: class io.warmup.framework.hotreload.advanced.BytecodeChangeDetector.ChangeAnalysis
[[1;31mERROR[m] /workspace/warmup-framework/warmup-core/src/main/java/hotreload/advanced/SimplifiedAdvancedHotReloadManager.java:[135,31] cannot find symbol
[[1;31mERROR[m]   symbol:   variable Type
[[1;31mERROR[m]   location: class io.warmup.framework.hotreload.HotReloadEvent
[[1;31mERROR[m] /workspace/warmup-framework/warmup-core/src/main/java/hotreload/advanced/SimplifiedAdvancedHotReloadManager.java:[138,13] eventBus has private access in io.warmup.framework.hotreload.HotReloadManager
[[1;31mERROR[m] /workspace/warmup-framework/warmup-core/src/main/java/hotreload/advanced/SimplifiedAdvancedHotReloadManager.java:[145,31] cannot find symbol
[[1;31mERROR[m]   symbol:   variable Type
[[1;31mERROR[m]   location: class io.warmup.framework.hotreload.HotReloadEvent
[[1;31mERROR[m] /workspace/warmup-framework/warmup-core/src/main/java/hotreload/advanced/SimplifiedAdvancedHotReloadManager.java:[148,13] eventBus has private access in io.warmup.framework.hotreload.HotReloadManager
[[1;31mERROR[m] /workspace/warmup-framework/warmup-core/src/main/java/hotreload/advanced/SimplifiedAdvancedHotReloadManager.java:[157,31] cannot find symbol
[[1;31mERROR[m]   symbol:   variable Type
[[1;31mERROR[m]   location: class io.warmup.framework.hotreload.HotReloadEvent
[[1;31mERROR[m] /workspace/warmup-framework/warmup-core/src/main/java/hotreload/advanced/SimplifiedAdvancedHotReloadManager.java:[160,13] eventBus has private access in io.warmup.framework.hotreload.HotReloadManager
[[1;31mERROR[m] /workspace/warmup-framework/warmup-core/src/main/java/hotreload/advanced/SimplifiedAdvancedHotReloadManager.java:[190,23] cannot find symbol
[[1;31mERROR[m]   symbol:   method clearCache()
[[1;31mERROR[m]   location: variable changeDetector of type io.warmup.framework.hotreload.advanced.BytecodeChangeDetector
[[1;31mERROR[m] /workspace/warmup-framework/warmup-core/src/main/java/io/warmup/framework/event/EventPublisher.java:[44,21] cannot find symbol
[[1;31mERROR[m]   symbol:   method publishEventAsync(io.warmup.framework.event.Event)
[[1;31mERROR[m]   location: variable eventBus of type io.warmup.framework.event.EventBus
[[1;31mERROR[m] /workspace/warmup-framework/warmup-core/src/main/java/io/warmup/framework/event/EventPublisher.java:[64,21] cannot find symbol
[[1;31mERROR[m]   symbol:   method printStatusReport()
[[1;31mERROR[m]   location: variable eventBus of type io.warmup.framework.event.EventBus
[[1;31mERROR[m] /workspace/warmup-framework/warmup-core/src/main/java/io/warmup/framework/hotreload/HotReloadAutoConfig.java:[29,25] cannot find symbol
[[1;31mERROR[m]   symbol:   method monitorDirectory(java.lang.String)
[[1;31mERROR[m]   location: variable hotReloadManager of type io.warmup.framework.hotreload.HotReloadManager
[[1;31mERROR[m] /workspace/warmup-framework/warmup-core/src/main/java/io/warmup/framework/hotreload/HotReloadAutoConfig.java:[30,25] cannot find symbol
[[1;31mERROR[m]   symbol:   method monitorDirectory(java.lang.String)
[[1;31mERROR[m]   location: variable hotReloadManager of type io.warmup.framework.hotreload.HotReloadManager
[[1;31mERROR[m] /workspace/warmup-framework/warmup-core/src/main/java/io/warmup/framework/hotreload/HotReloadAutoConfig.java:[31,25] cannot find symbol
[[1;31mERROR[m]   symbol:   method monitorDirectory(java.lang.String)
[[1;31mERROR[m]   location: variable hotReloadManager of type io.warmup.framework.hotreload.HotReloadManager
[[1;31mERROR[m] /workspace/warmup-framework/warmup-core/src/main/java/io/warmup/framework/hotreload/HotReloadAutoConfig.java:[34,25] cannot find symbol
[[1;31mERROR[m]   symbol:   method monitorDirectory(java.lang.String)
[[1;31mERROR[m]   location: variable hotReloadManager of type io.warmup.framework.hotreload.HotReloadManager
[[1;31mERROR[m] /workspace/warmup-framework/warmup-core/src/main/java/io/warmup/framework/hotreload/HotReloadExample.java:[35,29] cannot find symbol
[[1;31mERROR[m]   symbol:   method monitorDirectory(java.lang.String)
[[1;31mERROR[m]   location: variable hotReloadManager of type io.warmup.framework.hotreload.HotReloadManager
[[1;31mERROR[m] /workspace/warmup-framework/warmup-core/src/main/java/io/warmup/framework/hotreload/HotReloadExample.java:[57,17] cannot find symbol
[[1;31mERROR[m]   symbol:   method subscribe(java.lang.Class<io.warmup.framework.hotreload.HotReloadEvent>,(event)->{[...]; } })
[[1;31mERROR[m]   location: variable eventBus of type io.warmup.framework.event.EventBus
[[1;31mERROR[m] /workspace/warmup-framework/warmup-core/src/main/java/io/warmup/framework/hotreload/HotReloadExample.java:[66,22] an enum switch case label must be the unqualified name of an enumeration constant
[[1;31mERROR[m] /workspace/warmup-framework/warmup-core/src/main/java/io/warmup/framework/hotreload/HotReloadExample.java:[69,22] an enum switch case label must be the unqualified name of an enumeration constant
[[1;31mERROR[m] /workspace/warmup-framework/warmup-core/src/main/java/io/warmup/framework/startup/bootstrap/CriticalClassRegistry.java:[377,70] Alternatives in a multi-catch statement cannot be related by subclassing
[[1;31mERROR[m]   Alternative java.lang.NoClassDefFoundError is a subclass of alternative java.lang.LinkageError
[[1;31mERROR[m] /workspace/warmup-framework/warmup-core/src/main/java/io/warmup/framework/startup/bootstrap/examples/CriticalClassPreloadExample.java:[144,38] cannot find symbol
[[1;31mERROR[m]   symbol:   class SystemSummary
[[1;31mERROR[m]   location: class io.warmup.framework.startup.StartupPhasesManager
[[1;31mERROR[m] /workspace/warmup-framework/warmup-core/src/main/java/io/warmup/framework/startup/bootstrap/examples/CriticalClassPreloadExample.java:[341,31] cannot find symbol
[[1;31mERROR[m]   symbol:   class ComprehensiveStartupOptimizationResult
[[1;31mERROR[m]   location: class io.warmup.framework.startup.bootstrap.examples.CriticalClassPreloadExample
[[1;31mERROR[m] /workspace/warmup-framework/warmup-core/src/main/java/io/warmup/framework/startup/bootstrap/examples/CriticalClassPreloadExample.java:[344,13] cannot find symbol
[[1;31mERROR[m]   symbol:   class ComprehensiveStartupOptimizationResult
[[1;31mERROR[m]   location: class io.warmup.framework.startup.bootstrap.examples.CriticalClassPreloadExample
[[1;31mERROR[m] /workspace/warmup-framework/warmup-core/src/main/java/io/warmup/framework/startup/critical/examples/CriticalSeparationExample.java:[245,20] no suitable method found for log(java.util.logging.Level,java.lang.String,java.lang.String,io.warmup.framework.startup.critical.ServiceDataClasses.ServiceState)
[[1;31mERROR[m]     method java.util.logging.Logger.log(java.util.logging.LogRecord) is not applicable
[[1;31mERROR[m]       (actual and formal argument lists differ in length)
[[1;31mERROR[m]     method java.util.logging.Logger.log(java.util.logging.Level,java.lang.String) is not applicable
[[1;31mERROR[m]       (actual and formal argument lists differ in length)
[[1;31mERROR[m]     method java.util.logging.Logger.log(java.util.logging.Level,java.util.function.Supplier<java.lang.String>) is not applicable
[[1;31mERROR[m]       (actual and formal argument lists differ in length)
[[1;31mERROR[m]     method java.util.logging.Logger.log(java.util.logging.Level,java.lang.String,java.lang.Object) is not applicable
[[1;31mERROR[m]       (actual and formal argument lists differ in length)
[[1;31mERROR[m]     method java.util.logging.Logger.log(java.util.logging.Level,java.lang.String,java.lang.Object[]) is not applicable
[[1;31mERROR[m]       (actual and formal argument lists differ in length)
[[1;31mERROR[m]     method java.util.logging.Logger.log(java.util.logging.Level,java.lang.String,java.lang.Throwable) is not applicable
[[1;31mERROR[m]       (actual and formal argument lists differ in length)
[[1;31mERROR[m]     method java.util.logging.Logger.log(java.util.logging.Level,java.lang.Throwable,java.util.function.Supplier<java.lang.String>) is not applicable
[[1;31mERROR[m]       (actual and formal argument lists differ in length)
[[1;31mERROR[m] /workspace/warmup-framework/warmup-core/src/main/java/io/warmup/framework/startup/examples/ComprehensiveStartupExample.java:[28,72] incompatible types: io.warmup.framework.startup.examples.ComprehensiveStartupExample.MockWarmupContainer cannot be converted to io.warmup.framework.core.WarmupContainer
[[1;31mERROR[m] /workspace/warmup-framework/warmup-core/src/main/java/io/warmup/framework/startup/examples/ComprehensiveStartupExample.java:[70,14] cannot find symbol
[[1;31mERROR[m]   symbol:   class SystemOptimizationSummary
[[1;31mERROR[m]   location: class io.warmup.framework.startup.examples.ComprehensiveStartupExample
[[1;31mERROR[m] /workspace/warmup-framework/warmup-core/src/main/java/io/warmup/framework/startup/examples/ComprehensiveStartupExample.java:[148,50] cannot find symbol
[[1;31mERROR[m]   symbol:   method getParallelizationEfficiency()
[[1;31mERROR[m]   location: variable parallelStats of type io.warmup.framework.startup.ParallelizationStats
[[1;31mERROR[m] /workspace/warmup-framework/warmup-core/src/main/java/io/warmup/framework/startup/examples/ComprehensiveStartupExample.java:[149,66] cannot find symbol
[[1;31mERROR[m]   symbol:   method getOptimizationRecommendations()
[[1;31mERROR[m]   location: variable parallelStats of type io.warmup.framework.startup.ParallelizationStats
[[1;31mERROR[m] /workspace/warmup-framework/warmup-core/src/main/java/io/warmup/framework/startup/examples/ComprehensiveStartupExample.java:[170,27] cannot find symbol
[[1;31mERROR[m]   symbol:   method getBackgroundPhaseMetrics()
[[1;31mERROR[m]   location: variable startupMetrics of type io.warmup.framework.startup.StartupMetrics
[[1;31mERROR[m] /workspace/warmup-framework/warmup-core/src/main/java/io/warmup/framework/startup/examples/ParallelStartupExample.java:[87,12] no suitable method found for log(java.util.logging.Level,java.lang.String,long,int)
[[1;31mERROR[m]     method java.util.logging.Logger.log(java.util.logging.LogRecord) is not applicable
[[1;31mERROR[m]       (actual and formal argument lists differ in length)
[[1;31mERROR[m]     method java.util.logging.Logger.log(java.util.logging.Level,java.lang.String) is not applicable
[[1;31mERROR[m]       (actual and formal argument lists differ in length)
[[1;31mERROR[m]     method java.util.logging.Logger.log(java.util.logging.Level,java.util.function.Supplier<java.lang.String>) is not applicable
[[1;31mERROR[m]       (actual and formal argument lists differ in length)
[[1;31mERROR[m]     method java.util.logging.Logger.log(java.util.logging.Level,java.lang.String,java.lang.Object) is not applicable
[[1;31mERROR[m]       (actual and formal argument lists differ in length)
[[1;31mERROR[m]     method java.util.logging.Logger.log(java.util.logging.Level,java.lang.String,java.lang.Object[]) is not applicable
[[1;31mERROR[m]       (actual and formal argument lists differ in length)
[[1;31mERROR[m]     method java.util.logging.Logger.log(java.util.logging.Level,java.lang.String,java.lang.Throwable) is not applicable
[[1;31mERROR[m]       (actual and formal argument lists differ in length)
[[1;31mERROR[m]     method java.util.logging.Logger.log(java.util.logging.Level,java.lang.Throwable,java.util.function.Supplier<java.lang.String>) is not applicable
[[1;31mERROR[m]       (actual and formal argument lists differ in length)
[[1;31mERROR[m] /workspace/warmup-framework/warmup-core/src/main/java/io/warmup/framework/startup/examples/ParallelStartupExample.java:[136,16] no suitable method found for log(java.util.logging.Level,java.lang.String,long,int)
[[1;31mERROR[m]     method java.util.logging.Logger.log(java.util.logging.LogRecord) is not applicable
[[1;31mERROR[m]       (actual and formal argument lists differ in length)
[[1;31mERROR[m]     method java.util.logging.Logger.log(java.util.logging.Level,java.lang.String) is not applicable
[[1;31mERROR[m]       (actual and formal argument lists differ in length)
[[1;31mERROR[m]     method java.util.logging.Logger.log(java.util.logging.Level,java.util.function.Supplier<java.lang.String>) is not applicable
[[1;31mERROR[m]       (actual and formal argument lists differ in length)
[[1;31mERROR[m]     method java.util.logging.Logger.log(java.util.logging.Level,java.lang.String,java.lang.Object) is not applicable
[[1;31mERROR[m]       (actual and formal argument lists differ in length)
[[1;31mERROR[m]     method java.util.logging.Logger.log(java.util.logging.Level,java.lang.String,java.lang.Object[]) is not applicable
[[1;31mERROR[m]       (actual and formal argument lists differ in length)
[[1;31mERROR[m]     method java.util.logging.Logger.log(java.util.logging.Level,java.lang.String,java.lang.Throwable) is not applicable
[[1;31mERROR[m]       (actual and formal argument lists differ in length)
[[1;31mERROR[m]     method java.util.logging.Logger.log(java.util.logging.Level,java.lang.Throwable,java.util.function.Supplier<java.lang.String>) is not applicable
[[1;31mERROR[m]       (actual and formal argument lists differ in length)
[[1;31mERROR[m] /workspace/warmup-framework/warmup-core/src/main/java/io/warmup/framework/startup/examples/ParallelStartupExample.java:[200,31] cannot find symbol
[[1;31mERROR[m]   symbol:   method isAllPhasesCompleted()
[[1;31mERROR[m]   location: variable traditionalMetrics of type io.warmup.framework.startup.StartupMetrics
[[1;31mERROR[m] /workspace/warmup-framework/warmup-core/src/main/java/io/warmup/framework/startup/hotpath/examples/HotPathOptimizationExample.java:[375,67] cannot find symbol
[[1;31mERROR[m]   symbol:   variable EXTREMELY_HOT
[[1;31mERROR[m]   location: class io.warmup.framework.startup.hotpath.HotnessLevel
[[1;31mERROR[m] /workspace/warmup-framework/warmup-core/src/main/java/io/warmup/framework/startup/hotpath/examples/HotPathOptimizationExample.java:[376,65] cannot find symbol
[[1;31mERROR[m]   symbol:   variable VERY_HOT
[[1;31mERROR[m]   location: class io.warmup.framework.startup.hotpath.HotnessLevel
[[1;31mERROR[m] /workspace/warmup-framework/warmup-core/src/main/java/io/warmup/framework/startup/hotpath/examples/HotPathOptimizationExample.java:[386,73] cannot find symbol
[[1;31mERROR[m]   symbol:   variable PARALLEL_EXECUTION
[[1;31mERROR[m]   location: class io.warmup.framework.startup.hotpath.OptimizationType
[[1;31mERROR[m] /workspace/warmup-framework/warmup-core/src/main/java/io/warmup/framework/startup/hotpath/examples/HotPathOptimizationExample.java:[396,73] cannot find symbol
[[1;31mERROR[m]   symbol:   variable PHASE_REORDERING
[[1;31mERROR[m]   location: class io.warmup.framework.startup.hotpath.OptimizationType
[[1;31mERROR[m] /workspace/warmup-framework/warmup-core/src/main/java/io/warmup/framework/startup/lazy/LazyBeanRegistry.java:[71,31] no suitable method found for register(java.lang.Class<T>,io.warmup.framework.startup.lazy.LazyBeanSupplier<T>)
[[1;31mERROR[m]     method io.warmup.framework.core.DependencyRegistry.<T>register(java.lang.Class<T>,boolean) is not applicable
[[1;31mERROR[m]       (cannot infer type-variable(s) T
[[1;31mERROR[m]         (argument mismatch; io.warmup.framework.startup.lazy.LazyBeanSupplier<T> cannot be converted to boolean))
[[1;31mERROR[m]     method io.warmup.framework.core.DependencyRegistry.<T>register(java.lang.Class<T>,T) is not applicable
[[1;31mERROR[m]       (inference variable T has incompatible bounds
[[1;31mERROR[m]         equality constraints: T
[[1;31mERROR[m]         lower bounds: io.warmup.framework.startup.lazy.LazyBeanSupplier<T>)
[[1;31mERROR[m]     method io.warmup.framework.core.DependencyRegistry.<T>register(java.lang.Class<T>,java.lang.Class<? extends T>,boolean) is not applicable
[[1;31mERROR[m]       (cannot infer type-variable(s) T
[[1;31mERROR[m]         (actual and formal argument lists differ in length))
[[1;31mERROR[m] /workspace/warmup-framework/warmup-core/src/main/java/io/warmup/framework/startup/lazy/OnDemandInitializationContext.java:[199,33] no suitable method found for registerLazyBean(java.lang.String,java.lang.Class<capture#5 of ?>,io.warmup.framework.startup.lazy.LazyBeanSupplier<java.lang.Object>)
[[1;31mERROR[m]     method io.warmup.framework.startup.lazy.LazyBeanRegistry.<T>registerLazyBean(java.lang.String,java.lang.Class<T>,io.warmup.framework.startup.lazy.LazyBeanSupplier<T>) is not applicable
[[1;31mERROR[m]       (inference variable T has incompatible equality constraints java.lang.Object,capture#5 of ?)
[[1;31mERROR[m]     method io.warmup.framework.startup.lazy.LazyBeanRegistry.<T>registerLazyBean(java.lang.String,java.lang.Class<T>,java.util.function.Supplier<T>) is not applicable
[[1;31mERROR[m]       (inference variable T has incompatible equality constraints java.lang.Object,capture#5 of ?)
[[1;31mERROR[m] /workspace/warmup-framework/warmup-core/src/main/java/io/warmup/framework/startup/lazy/OnDemandInitializationContext.java:[220,61] package javax.inject does not exist
[[1;31mERROR[m] -> [1m[Help 1][m
[[1;31mERROR[m] 
[[1;31mERROR[m] To see the full stack trace of the errors, re-run Maven with the [1m-e[m switch.
[[1;31mERROR[m] Re-run Maven using the [1m-X[m switch to enable full debug logging.
[[1;31mERROR[m] 
[[1;31mERROR[m] For more information about the errors and possible solutions, please read the following articles:
[[1;31mERROR[m] [1m[Help 1][m http://cwiki.apache.org/confluence/display/MAVEN/MojoFailureException
[0m